Added Component: Designator=AMS1(AMS1117-5.0)
Added Component: Designator=C1(0805C)
Added Component: Designator=C2(0805C)
Added Component: Designator=C3(0805C)
Added Component: Designator=C4(0805C)
Added Component: Designator=C5(0805C)
Added Component: Designator=C6(0805C)
Added Component: Designator=C7(0805C)
Added Component: Designator=C8(0805C)
Added Component: Designator=C9(0805C)
Added Component: Designator=C10(CAP_P)
Added Component: Designator=C11(CAP_P)
Added Component: Designator=C12(0805C)
Added Component: Designator=C13(0805C)
Added Component: Designator=C14(0805C)
Added Component: Designator=C15(0805C)
Added Component: Designator=D1(1206D)
Added Component: Designator=D2(1206D)
Added Component: Designator=J1(PIN2*3)
Added Component: Designator=J2(PIN4)
Added Component: Designator=J3(PIN4)
Added Component: Designator=J4(PIN4)
Added Component: Designator=J5(PIN10)
Added Component: Designator=J6(PIN8)
Added Component: Designator=J7(PIN6)
Added Component: Designator=J8(PIN8)
Added Component: Designator=KEY1(KEY)
Added Component: Designator=LED1(0805L)
Added Component: Designator=LED2(0805L)
Added Component: Designator=LED3(0805L)
Added Component: Designator=LED4(0805L)
Added Component: Designator=PT1(PT)
Added Component: Designator=PwR1(DC005)
Added Component: Designator=R1(0805R)
Added Component: Designator=R2(0805R)
Added Component: Designator=R3(0805R)
Added Component: Designator=R4(0805R)
Added Component: Designator=R5(0805R)
Added Component: Designator=R6(0805R)
Added Component: Designator=R7(0805R)
Added Component: Designator=R8(0805R)
Added Component: Designator=R9(0805R)
Added Component: Designator=R10(0805R)
Added Component: Designator=T1(SI2301)
Added Component: Designator=U1(CH340G)
Added Component: Designator=U2(ATMEGA328P-AU)
Added Component: Designator=U3(LM358)
Added Component: Designator=USB1(USB-B)
Added Component: Designator=XC1(XC626P332)
Added Component: Designator=Y1(CRYSTAL)
Added Component: Designator=Y2(CRYSTAL)
Added Pin To Net: NetName=+3.3V Pin=C12-1
Added Pin To Net: NetName=+3.3V Pin=J6-4
Added Pin To Net: NetName=+3.3V Pin=U3-2
Added Pin To Net: NetName=+3.3V Pin=XC1-2
Added Net: Name=+3.3V
Added Pin To Net: NetName=+3V3 Pin=J4-4
Added Net: Name=+3V3
Added Pin To Net: NetName=+3V4 Pin=J4-3
Added Net: Name=+3V4
Added Pin To Net: NetName=+5V Pin=AMS1-2
Added Pin To Net: NetName=+5V Pin=C1-2
Added Pin To Net: NetName=+5V Pin=C9-1
Added Pin To Net: NetName=+5V Pin=C11-1
Added Pin To Net: NetName=+5V Pin=C13-2
Added Pin To Net: NetName=+5V Pin=C14-2
Added Pin To Net: NetName=+5V Pin=C15-2
Added Pin To Net: NetName=+5V Pin=J1-2
Added Pin To Net: NetName=+5V Pin=J2-2
Added Pin To Net: NetName=+5V Pin=J3-2
Added Pin To Net: NetName=+5V Pin=J6-2
Added Pin To Net: NetName=+5V Pin=J6-5
Added Pin To Net: NetName=+5V Pin=R1-2
Added Pin To Net: NetName=+5V Pin=R4-2
Added Pin To Net: NetName=+5V Pin=R5-2
Added Pin To Net: NetName=+5V Pin=R6-2
Added Pin To Net: NetName=+5V Pin=T1-3
Added Pin To Net: NetName=+5V Pin=U1-16
Added Pin To Net: NetName=+5V Pin=U2-4
Added Pin To Net: NetName=+5V Pin=U2-6
Added Pin To Net: NetName=+5V Pin=U2-18
Added Pin To Net: NetName=+5V Pin=U3-8
Added Pin To Net: NetName=+5V Pin=XC1-3
Added Net: Name=+5V
Added Pin To Net: NetName=ADC6 Pin=U2-19
Added Net: Name=ADC6
Added Pin To Net: NetName=ADC7 Pin=U2-22
Added Net: Name=ADC7
Added Pin To Net: NetName=AREF Pin=C4-2
Added Pin To Net: NetName=AREF Pin=J5-8
Added Pin To Net: NetName=AREF Pin=U2-20
Added Net: Name=AREF
Added Pin To Net: NetName=DTR Pin=C3-2
Added Pin To Net: NetName=DTR Pin=J1-5
Added Pin To Net: NetName=DTR Pin=J6-3
Added Pin To Net: NetName=DTR Pin=KEY1-2
Added Pin To Net: NetName=DTR Pin=R5-1
Added Pin To Net: NetName=DTR Pin=U2-29
Added Net: Name=DTR
Added Pin To Net: NetName=GND Pin=AMS1-1
Added Pin To Net: NetName=GND Pin=C1-1
Added Pin To Net: NetName=GND Pin=C2-1
Added Pin To Net: NetName=GND Pin=C4-1
Added Pin To Net: NetName=GND Pin=C5-2
Added Pin To Net: NetName=GND Pin=C6-2
Added Pin To Net: NetName=GND Pin=C7-2
Added Pin To Net: NetName=GND Pin=C8-2
Added Pin To Net: NetName=GND Pin=C9-2
Added Pin To Net: NetName=GND Pin=C10-2
Added Pin To Net: NetName=GND Pin=C11-2
Added Pin To Net: NetName=GND Pin=C12-2
Added Pin To Net: NetName=GND Pin=C13-1
Added Pin To Net: NetName=GND Pin=C14-1
Added Pin To Net: NetName=GND Pin=C15-1
Added Pin To Net: NetName=GND Pin=J1-6
Added Pin To Net: NetName=GND Pin=J2-1
Added Pin To Net: NetName=GND Pin=J3-1
Added Pin To Net: NetName=GND Pin=J4-1
Added Pin To Net: NetName=GND Pin=J4-2
Added Pin To Net: NetName=GND Pin=J5-7
Added Pin To Net: NetName=GND Pin=J6-6
Added Pin To Net: NetName=GND Pin=J6-7
Added Pin To Net: NetName=GND Pin=KEY1-1
Added Pin To Net: NetName=GND Pin=PwR1-1
Added Pin To Net: NetName=GND Pin=PwR1-3
Added Pin To Net: NetName=GND Pin=R10-1
Added Pin To Net: NetName=GND Pin=U1-1
Added Pin To Net: NetName=GND Pin=U2-3
Added Pin To Net: NetName=GND Pin=U2-5
Added Pin To Net: NetName=GND Pin=U2-21
Added Pin To Net: NetName=GND Pin=U3-4
Added Pin To Net: NetName=GND Pin=USB1-4
Added Pin To Net: NetName=GND Pin=XC1-1
Added Net: Name=GND
Added Pin To Net: NetName=MISO Pin=J1-1
Added Pin To Net: NetName=MISO Pin=J5-5
Added Pin To Net: NetName=MISO Pin=U2-16
Added Net: Name=MISO
Added Pin To Net: NetName=MOSI Pin=J1-4
Added Pin To Net: NetName=MOSI Pin=J5-4
Added Pin To Net: NetName=MOSI Pin=U2-15
Added Net: Name=MOSI
Added Pin To Net: NetName=MRX Pin=J2-4
Added Pin To Net: NetName=MRX Pin=J8-1
Added Pin To Net: NetName=MRX Pin=R3-2
Added Pin To Net: NetName=MRX Pin=U2-30
Added Net: Name=MRX
Added Pin To Net: NetName=MTX Pin=J2-3
Added Pin To Net: NetName=MTX Pin=J8-2
Added Pin To Net: NetName=MTX Pin=R2-2
Added Pin To Net: NetName=MTX Pin=U2-31
Added Net: Name=MTX
Added Pin To Net: NetName=NetC2_2 Pin=C2-2
Added Pin To Net: NetName=NetC2_2 Pin=U1-4
Added Net: Name=NetC2_2
Added Pin To Net: NetName=NetC3_1 Pin=C3-1
Added Pin To Net: NetName=NetC3_1 Pin=U1-13
Added Net: Name=NetC3_1
Added Pin To Net: NetName=NetC5_1 Pin=C5-1
Added Pin To Net: NetName=NetC5_1 Pin=U1-7
Added Pin To Net: NetName=NetC5_1 Pin=Y1-1
Added Net: Name=NetC5_1
Added Pin To Net: NetName=NetC6_1 Pin=C6-1
Added Pin To Net: NetName=NetC6_1 Pin=U1-8
Added Pin To Net: NetName=NetC6_1 Pin=Y1-2
Added Net: Name=NetC6_1
Added Pin To Net: NetName=NetC7_1 Pin=C7-1
Added Pin To Net: NetName=NetC7_1 Pin=R7-1
Added Pin To Net: NetName=NetC7_1 Pin=U2-8
Added Pin To Net: NetName=NetC7_1 Pin=Y2-1
Added Net: Name=NetC7_1
Added Pin To Net: NetName=NetC8_1 Pin=C8-1
Added Pin To Net: NetName=NetC8_1 Pin=R7-2
Added Pin To Net: NetName=NetC8_1 Pin=U2-7
Added Pin To Net: NetName=NetC8_1 Pin=Y2-2
Added Net: Name=NetC8_1
Added Pin To Net: NetName=NetD2_3 Pin=PwR1-2
Added Net: Name=NetD2_3
Added Pin To Net: NetName=NetLED1_3 Pin=R1-1
Added Net: Name=NetLED1_3
Added Pin To Net: NetName=NetLED2_3 Pin=R4-1
Added Net: Name=NetLED2_3
Added Pin To Net: NetName=NetLED3_3 Pin=R6-1
Added Net: Name=NetLED3_3
Added Pin To Net: NetName=NetLED4_3 Pin=R9-1
Added Net: Name=NetLED4_3
Added Pin To Net: NetName=NetPT1_1 Pin=PT1-1
Added Pin To Net: NetName=NetPT1_1 Pin=USB1-1
Added Net: Name=NetPT1_1
Added Pin To Net: NetName=NetR2_1 Pin=R2-1
Added Pin To Net: NetName=NetR2_1 Pin=U1-3
Added Net: Name=NetR2_1
Added Pin To Net: NetName=NetR3_1 Pin=R3-1
Added Pin To Net: NetName=NetR3_1 Pin=U1-2
Added Net: Name=NetR3_1
Added Pin To Net: NetName=NetR8_1 Pin=R8-1
Added Pin To Net: NetName=NetR8_1 Pin=R10-2
Added Pin To Net: NetName=NetR8_1 Pin=U3-3
Added Net: Name=NetR8_1
Added Pin To Net: NetName=NetR9_2 Pin=R9-2
Added Pin To Net: NetName=NetR9_2 Pin=U3-6
Added Pin To Net: NetName=NetR9_2 Pin=U3-7
Added Net: Name=NetR9_2
Added Pin To Net: NetName=NetT1_2 Pin=T1-2
Added Pin To Net: NetName=NetT1_2 Pin=U3-1
Added Net: Name=NetT1_2
Added Pin To Net: NetName=NetU1_5 Pin=U1-5
Added Pin To Net: NetName=NetU1_5 Pin=USB1-3
Added Net: Name=NetU1_5
Added Pin To Net: NetName=NetU1_6 Pin=U1-6
Added Pin To Net: NetName=NetU1_6 Pin=USB1-2
Added Net: Name=NetU1_6
Added Pin To Net: NetName=NSS Pin=J5-3
Added Pin To Net: NetName=NSS Pin=U2-14
Added Net: Name=NSS
Added Pin To Net: NetName=PB0 Pin=J5-1
Added Pin To Net: NetName=PB0 Pin=U2-12
Added Net: Name=PB0
Added Pin To Net: NetName=PB1 Pin=J5-2
Added Pin To Net: NetName=PB1 Pin=U2-13
Added Net: Name=PB1
Added Pin To Net: NetName=PC0 Pin=J7-1
Added Pin To Net: NetName=PC0 Pin=U2-23
Added Net: Name=PC0
Added Pin To Net: NetName=PC1 Pin=J7-2
Added Pin To Net: NetName=PC1 Pin=U2-24
Added Net: Name=PC1
Added Pin To Net: NetName=PC2 Pin=J7-3
Added Pin To Net: NetName=PC2 Pin=U2-25
Added Net: Name=PC2
Added Pin To Net: NetName=PC3 Pin=J7-4
Added Pin To Net: NetName=PC3 Pin=U2-26
Added Net: Name=PC3
Added Pin To Net: NetName=PD2 Pin=J8-3
Added Pin To Net: NetName=PD2 Pin=U2-32
Added Net: Name=PD2
Added Pin To Net: NetName=PD3 Pin=J8-4
Added Pin To Net: NetName=PD3 Pin=U2-1
Added Net: Name=PD3
Added Pin To Net: NetName=PD4 Pin=J8-5
Added Pin To Net: NetName=PD4 Pin=U2-2
Added Net: Name=PD4
Added Pin To Net: NetName=PD5 Pin=J8-6
Added Pin To Net: NetName=PD5 Pin=U2-9
Added Net: Name=PD5
Added Pin To Net: NetName=PD6 Pin=J8-7
Added Pin To Net: NetName=PD6 Pin=U2-10
Added Net: Name=PD6
Added Pin To Net: NetName=PD7 Pin=J8-8
Added Pin To Net: NetName=PD7 Pin=U2-11
Added Net: Name=PD7
Added Pin To Net: NetName=SCK Pin=J1-3
Added Pin To Net: NetName=SCK Pin=J5-6
Added Pin To Net: NetName=SCK Pin=U2-17
Added Pin To Net: NetName=SCK Pin=U3-5
Added Net: Name=SCK
Added Pin To Net: NetName=SCL Pin=J3-4
Added Pin To Net: NetName=SCL Pin=J5-10
Added Pin To Net: NetName=SCL Pin=J7-6
Added Pin To Net: NetName=SCL Pin=U2-28
Added Net: Name=SCL
Added Pin To Net: NetName=SDA Pin=J3-3
Added Pin To Net: NetName=SDA Pin=J5-9
Added Pin To Net: NetName=SDA Pin=J7-5
Added Pin To Net: NetName=SDA Pin=U2-27
Added Net: Name=SDA
Added Pin To Net: NetName=VBUS Pin=PT1-2
Added Pin To Net: NetName=VBUS Pin=T1-1
Added Net: Name=VBUS
Added Pin To Net: NetName=VIN Pin=AMS1-3
Added Pin To Net: NetName=VIN Pin=C10-1
Added Pin To Net: NetName=VIN Pin=J6-8
Added Pin To Net: NetName=VIN Pin=R8-2
Added Net: Name=VIN
Added Class: Name=arduino
Added Class: Name=P[0..7]
Added Room: Name=arduino
